---------------------------------------------------------------
[ 2018-08-03T10:48:06+08:00 ] 192.168.100.1 POST /api/Overtime/getUserOvertime
[ info ] 192.168.100.200:8083/api/Overtime/getUserOvertime [运行时间：0.352229s][吞吐率：2.84req/s] [内存消耗：3,808.56kb] [文件加载：58]
[ info ] [ LANG ] /www/wwwroot/yangming/thinkphp/lang/zh-cn.php
[ info ] [ ROUTE ] array (
  'type' => 'module',
  'module' => 
  array (
    0 => 'api',
    1 => 'Overtime',
    2 => 'getUserOvertime',
  ),
)
[ info ] [ HEADER ] array (
  'host' => '192.168.100.200:8083',
  'connection' => 'keep-alive',
  'content-length' => '414',
  'accept' => 'application/json, text/javascript, */*; q=0.01',
  'origin' => 'http://app01.app.longcai.net',
  'power-by' => 'http://www.xiaoyaoji.com.cn',
  'user-agent' => 'Mozilla/5.0 (Windows NT 6.1; WOW64) AppleWebKit/537.36 (KHTML, like Gecko) Chrome/66.0.3359.139 Safari/537.36',
  'content-type' => 'multipart/form-data; boundary=----WebKitFormBoundaryvvUW4zA4ojVtjgco',
  'referer' => 'http://app01.app.longcai.net/dashboard/',
  'accept-encoding' => 'gzip, deflate',
  'accept-language' => 'zh-CN,zh;q=0.9',
)
[ info ] [ PARAM ] array (
  'user_id' => '7',
  'page' => '',
)
[ info ] [ DB ] INIT mysql
[ info ] [ RUN ] app\api\controller\Overtime->getUserOvertime[ /www/wwwroot/yangming/application/api/controller/Overtime.php ]
[ info ] [ LOG ] INIT File
[ sql ] [ DB ] CONNECT:[ UseTime:0.048706s ] mysql:host=127.0.0.1;dbname=yangming;charset=utf8
[ sql ] [ SQL ] SHOW COLUMNS FROM `lc_user` [ RunTime:0.055581s ]
[ sql ] [ SQL ] SELECT `id` FROM `lc_user` WHERE  `id` = 7 LIMIT 1 [ RunTime:0.014872s ]
