---------------------------------------------------------------
[ 2018-08-06T15:42:21+08:00 ] 192.168.100.1 POST /api/concrete_pouring/getPouring
[ info ] 192.168.100.200:8083/api/concrete_pouring/getPouring [运行时间：0.424081s][吞吐率：2.36req/s] [内存消耗：3,925.24kb] [文件加载：59]
[ info ] [ LANG ] /www/wwwroot/yangming/thinkphp/lang/zh-cn.php
[ info ] [ ROUTE ] array (
  'type' => 'module',
  'module' => 
  array (
    0 => 'api',
    1 => 'concrete_pouring',
    2 => 'getPouring',
  ),
)
[ info ] [ HEADER ] array (
  'host' => '192.168.100.200:8083',
  'connection' => 'keep-alive',
  'content-length' => '34',
  'accept' => 'application/json, text/javascript, */*; q=0.01',
  'origin' => 'http://app01.app.longcai.net',
  'power-by' => 'http://www.xiaoyaoji.com.cn',
  'user-agent' => 'Mozilla/5.0 (Windows NT 6.1; WOW64) AppleWebKit/537.36 (KHTML, like Gecko) Chrome/66.0.3359.139 Safari/537.36',
  'content-type' => 'application/json',
  'referer' => 'http://app01.app.longcai.net/dashboard/',
  'accept-encoding' => 'gzip, deflate',
  'accept-language' => 'zh-CN,zh;q=0.9',
  'cookie' => 'PHPSESSID=almpqq6rtvc3jb9pr4ahcokr00',
)
[ info ] [ PARAM ] array (
  'user_id' => 1,
  'task_id' => 19,
)
[ info ] [ DB ] INIT mysql
[ info ] [ RUN ] app\api\controller\ConcretePouring->getPouring[ /www/wwwroot/yangming/application/api/controller/ConcretePouring.php ]
[ info ] [ LOG ] INIT File
[ sql ] [ DB ] CONNECT:[ UseTime:0.015593s ] mysql:host=127.0.0.1;dbname=yangming;charset=utf8
[ sql ] [ SQL ] SHOW COLUMNS FROM `lc_user` [ RunTime:0.024441s ]
[ sql ] [ SQL ] SELECT `id` FROM `lc_user` WHERE  `id` = 1 LIMIT 1 [ RunTime:0.011343s ]
[ sql ] [ SQL ] SELECT `department_id` FROM `lc_user` WHERE  `id` = 1 LIMIT 1 [ RunTime:0.001036s ]
---------------------------------------------------------------
[ 2018-08-06T15:42:45+08:00 ] 192.168.100.1 POST /api/concrete_pouring/getPouring
[ info ] 192.168.100.200:8083/api/concrete_pouring/getPouring [运行时间：0.194520s][吞吐率：5.14req/s] [内存消耗：3,924.46kb] [文件加载：59]
[ info ] [ LANG ] /www/wwwroot/yangming/thinkphp/lang/zh-cn.php
[ info ] [ ROUTE ] array (
  'type' => 'module',
  'module' => 
  array (
    0 => 'api',
    1 => 'concrete_pouring',
    2 => 'getPouring',
  ),
)
[ info ] [ HEADER ] array (
  'host' => '192.168.100.200:8083',
  'connection' => 'keep-alive',
  'content-length' => '419',
  'accept' => 'application/json, text/javascript, */*; q=0.01',
  'origin' => 'http://app01.app.longcai.net',
  'power-by' => 'http://www.xiaoyaoji.com.cn',
  'user-agent' => 'Mozilla/5.0 (Windows NT 6.1; WOW64) AppleWebKit/537.36 (KHTML, like Gecko) Chrome/66.0.3359.139 Safari/537.36',
  'content-type' => 'multipart/form-data; boundary=----WebKitFormBoundary4Hsa4S4Rj4RyJUtS',
  'referer' => 'http://app01.app.longcai.net/dashboard/',
  'accept-encoding' => 'gzip, deflate',
  'accept-language' => 'zh-CN,zh;q=0.9',
  'cookie' => 'PHPSESSID=almpqq6rtvc3jb9pr4ahcokr00',
)
[ info ] [ PARAM ] array (
  'user_id' => '1',
  'task_id' => '19',
)
[ info ] [ DB ] INIT mysql
[ info ] [ RUN ] app\api\controller\ConcretePouring->getPouring[ /www/wwwroot/yangming/application/api/controller/ConcretePouring.php ]
[ info ] [ LOG ] INIT File
[ sql ] [ DB ] CONNECT:[ UseTime:0.000372s ] mysql:host=127.0.0.1;dbname=yangming;charset=utf8
[ sql ] [ SQL ] SHOW COLUMNS FROM `lc_user` [ RunTime:0.000920s ]
[ sql ] [ SQL ] SELECT `id` FROM `lc_user` WHERE  `id` = 1 LIMIT 1 [ RunTime:0.008319s ]
[ sql ] [ SQL ] SELECT `department_id` FROM `lc_user` WHERE  `id` = 1 LIMIT 1 [ RunTime:0.000281s ]
