---------------------------------------------------------------
[ 2018-08-09T12:32:54+08:00 ] 192.168.100.1 POST /api/user_information/getWeb
[ info ] 192.168.100.200:8083/api/user_information/getWeb [运行时间：0.654530s][吞吐率：1.53req/s] [内存消耗：3,738.53kb] [文件加载：59]
[ info ] [ LANG ] /www/wwwroot/yangming/thinkphp/lang/zh-cn.php
[ info ] [ ROUTE ] array (
  'type' => 'module',
  'module' => 
  array (
    0 => 'api',
    1 => 'user_information',
    2 => 'getWeb',
  ),
)
[ info ] [ HEADER ] array (
  'host' => '192.168.100.200:8083',
  'connection' => 'keep-alive',
  'content-length' => '228',
  'accept' => 'application/json, text/javascript, */*; q=0.01',
  'origin' => 'http://app01.app.longcai.net',
  'power-by' => 'http://www.xiaoyaoji.com.cn',
  'user-agent' => 'Mozilla/5.0 (Windows NT 6.1; WOW64) AppleWebKit/537.36 (KHTML, like Gecko) Chrome/66.0.3359.139 Safari/537.36',
  'content-type' => 'multipart/form-data; boundary=----WebKitFormBoundaryNMRBxJeWBKZalqxE',
  'referer' => 'http://app01.app.longcai.net/dashboard/',
  'accept-encoding' => 'gzip, deflate',
  'accept-language' => 'zh-CN,zh;q=0.9',
  'cookie' => 'PHPSESSID=almpqq6rtvc3jb9pr4ahcokr00; BT_PANEL=27013e4521caabe1632ae9f1260e1eb5b2bcb310; serverType=nginx; order=id%20desc; memRealUsed=378; mem-before=378/458%20%28MB%29; memSize=458',
)
[ info ] [ PARAM ] array (
)
[ info ] [ DB ] INIT mysql
[ info ] [ RUN ] app\api\controller\UserInformation->getWeb[ /www/wwwroot/yangming/application/api/controller/UserInformation.php ]
[ info ] [ LOG ] INIT File
[ sql ] [ DB ] CONNECT:[ UseTime:0.101250s ] mysql:host=127.0.0.1;dbname=yangming;charset=utf8
