---------------------------------------------------------------
[ 2018-08-23T09:47:20+08:00 ] 192.168.100.1 POST /api/Quality/checkTask
[ info ] 192.168.100.200:8083/api/Quality/checkTask [运行时间：0.616177s][吞吐率：1.62req/s] [内存消耗：4,043.52kb] [文件加载：61]
[ info ] [ LANG ] /www/wwwroot/yangming/thinkphp/lang/zh-cn.php
[ info ] [ ROUTE ] array (
  'type' => 'module',
  'module' => 
  array (
    0 => 'api',
    1 => 'Quality',
    2 => 'checkTask',
  ),
)
[ info ] [ HEADER ] array (
  'host' => '192.168.100.200:8083',
  'connection' => 'keep-alive',
  'content-length' => '701',
  'accept' => 'application/json, text/javascript, */*; q=0.01',
  'origin' => 'http://app01.app.longcai.net',
  'power-by' => 'http://www.xiaoyaoji.com.cn',
  'user-agent' => 'Mozilla/5.0 (Windows NT 6.1; WOW64) AppleWebKit/537.36 (KHTML, like Gecko) Chrome/66.0.3359.139 Safari/537.36',
  'content-type' => 'multipart/form-data; boundary=----WebKitFormBoundarycIJiEyzTrurKRGmE',
  'referer' => 'http://app01.app.longcai.net/dashboard/',
  'accept-encoding' => 'gzip, deflate',
  'accept-language' => 'zh-CN,zh;q=0.9',
)
[ info ] [ PARAM ] array (
  'user_id' => '4',
  'task_id' => '1',
  'process_id' => '6',
  'type' => '1',
  'reason' => '',
)
[ info ] [ DB ] INIT mysql
[ info ] [ RUN ] app\api\controller\Quality->checkTask[ /www/wwwroot/yangming/application/api/controller/Quality.php ]
[ info ] [ LOG ] INIT File
[ sql ] [ DB ] CONNECT:[ UseTime:0.073951s ] mysql:host=127.0.0.1;dbname=yangming;charset=utf8
[ sql ] [ SQL ] SHOW COLUMNS FROM `lc_user` [ RunTime:0.054110s ]
[ sql ] [ SQL ] SELECT `id` FROM `lc_user` WHERE  `id` = 4 LIMIT 1 [ RunTime:0.013531s ]
[ sql ] [ SQL ] SELECT `department_id` FROM `lc_user` WHERE  `id` = 4 LIMIT 1 [ RunTime:0.000222s ]
