---------------------------------------------------------------
[ 2018-09-25T13:58:56+08:00 ] 192.168.100.1 GET /Login/login
[ info ] 192.168.100.200:8083/Login/login [运行时间：0.267445s][吞吐率：3.74req/s] [内存消耗：1,790.26kb] [文件加载：37]
[ info ] [ LANG ] /www/wwwroot/yangming/thinkphp/lang/zh-cn.php
[ info ] [ ROUTE ] array (
  'type' => 'module',
  'module' => 
  array (
    0 => 'Login',
    1 => 'login',
    2 => NULL,
  ),
)
[ info ] [ HEADER ] array (
  'host' => '192.168.100.200:8083',
  'connection' => 'keep-alive',
  'upgrade-insecure-requests' => '1',
  'user-agent' => 'Mozilla/5.0 (Windows NT 6.1; WOW64) AppleWebKit/537.36 (KHTML, like Gecko) Chrome/66.0.3359.139 Safari/537.36',
  'accept' => 'text/html,application/xhtml+xml,application/xml;q=0.9,image/webp,image/apng,*/*;q=0.8',
  'accept-encoding' => 'gzip, deflate',
  'accept-language' => 'zh-CN,zh;q=0.9',
  'cookie' => 'PHPSESSID=1dctskas5nbe9e605fm807hqu0; BT_PANEL=12096b92197f52e378e26def5ed2e6495e697bfa; serverType=nginx; order=id%20desc; memRealUsed=389; mem-before=389/458%20%28MB%29; memSize=458; upNet=0; downNet=0; one=0.77; five=0.4; fifteen=0.15; conterError=; uploadSize=1073741824; rank=a; Path=/www/wwwroot; adminer_version=4.6.3',
  'content-type' => '',
  'content-length' => '',
)
[ info ] [ PARAM ] array (
)
[ info ] [ LOG ] INIT File
---------------------------------------------------------------
[ 2018-09-25T13:58:56+08:00 ] 192.168.100.1 GET /Login/login
[ info ] 192.168.100.200:8083/Login/login [运行时间：0.123101s][吞吐率：8.12req/s] [内存消耗：1,790.21kb] [文件加载：37]
[ info ] [ LANG ] /www/wwwroot/yangming/thinkphp/lang/zh-cn.php
[ info ] [ ROUTE ] array (
  'type' => 'module',
  'module' => 
  array (
    0 => '404',
    1 => NULL,
    2 => NULL,
  ),
)
[ info ] [ HEADER ] array (
  'host' => '192.168.100.200:8083',
  'connection' => 'keep-alive',
  'upgrade-insecure-requests' => '1',
  'user-agent' => 'Mozilla/5.0 (Windows NT 6.1; WOW64) AppleWebKit/537.36 (KHTML, like Gecko) Chrome/66.0.3359.139 Safari/537.36',
  'accept' => 'text/html,application/xhtml+xml,application/xml;q=0.9,image/webp,image/apng,*/*;q=0.8',
  'accept-encoding' => 'gzip, deflate',
  'accept-language' => 'zh-CN,zh;q=0.9',
  'cookie' => 'PHPSESSID=1dctskas5nbe9e605fm807hqu0; BT_PANEL=12096b92197f52e378e26def5ed2e6495e697bfa; serverType=nginx; order=id%20desc; memRealUsed=389; mem-before=389/458%20%28MB%29; memSize=458; upNet=0; downNet=0; one=0.77; five=0.4; fifteen=0.15; conterError=; uploadSize=1073741824; rank=a; Path=/www/wwwroot; adminer_version=4.6.3',
  'content-type' => '',
  'content-length' => '',
)
[ info ] [ PARAM ] array (
)
[ info ] [ LOG ] INIT File
---------------------------------------------------------------
[ 2018-09-25T14:00:06+08:00 ] 192.168.100.1 GET /api/Login/login
[ info ] 192.168.100.200:8083/api/Login/login [运行时间：0.195990s][吞吐率：5.10req/s] [内存消耗：2,209.91kb] [文件加载：47]
[ info ] [ LANG ] /www/wwwroot/yangming/thinkphp/lang/zh-cn.php
[ info ] [ ROUTE ] array (
  'type' => 'module',
  'module' => 
  array (
    0 => 'api',
    1 => 'Login',
    2 => 'login',
  ),
)
[ info ] [ HEADER ] array (
  'host' => '192.168.100.200:8083',
  'connection' => 'keep-alive',
  'upgrade-insecure-requests' => '1',
  'user-agent' => 'Mozilla/5.0 (Windows NT 6.1; WOW64) AppleWebKit/537.36 (KHTML, like Gecko) Chrome/66.0.3359.139 Safari/537.36',
  'accept' => 'text/html,application/xhtml+xml,application/xml;q=0.9,image/webp,image/apng,*/*;q=0.8',
  'accept-encoding' => 'gzip, deflate',
  'accept-language' => 'zh-CN,zh;q=0.9',
  'cookie' => 'PHPSESSID=1dctskas5nbe9e605fm807hqu0; BT_PANEL=12096b92197f52e378e26def5ed2e6495e697bfa; serverType=nginx; order=id%20desc; memRealUsed=389; mem-before=389/458%20%28MB%29; memSize=458; upNet=0; downNet=0; one=0.77; five=0.4; fifteen=0.15; conterError=; uploadSize=1073741824; rank=a; Path=/www/wwwroot; adminer_version=4.6.3',
  'content-type' => '',
  'content-length' => '',
)
[ info ] [ PARAM ] array (
)
[ info ] [ RUN ] app\api\controller\Login->login[ /www/wwwroot/yangming/application/api/controller/Login.php ]
[ info ] [ LOG ] INIT File
