[ 2018-07-13T17:38:31+08:00 ][ info ] [ DB ] INIT mysql
[ info ] [ LOG ] INIT File
[ 2018-07-13T17:38:31+08:00 ][ sql ] [ DB ] CONNECT:[ UseTime:0.065415s ] mysql:host=127.0.0.1;dbname=yangming;charset=utf8
[ 2018-07-13T17:38:31+08:00 ][ sql ] [ SQL ] truncate table lc_console [ RunTime:0.028700s ]
[ 2018-07-13T17:38:31+08:00 ][ sql ] [ SQL ] SHOW COLUMNS FROM `lc_console` [ RunTime:0.011591s ]
[ 2018-07-13T17:38:31+08:00 ][ sql ] [ SQL ] INSERT INTO `lc_console` (`level_one` , `level_two` , `function_name` , `controller` , `action` , `type`) VALUES ( '服务器信息','服务器信息','服务器信息','Dashboard','serverinfo\r\r    public function serverinfo()\r\r    {\r\r        $info = [\r\r            \'操作系统\'       =>PHP_OS,\r\r            \'运行环境\'       =>$_SERVER[\"SERVER_SOFTWARE\"],\r\r            \'主机名\'         =>$_SERVER[\'SERVER_NAME\'],\r\r            \'WEB服务端口\'    =>$_SERVER[\'SERVER_PORT\'],\r\r            \'网站文档目录\'   =>$_SERVER[\"DOCUMENT_ROOT\"],\r\r            \'浏览器信息\'     =>substr($_SERVER[\'HTTP_USER_AGENT\'], 0, 40),\r\r            \'通信协议\'       =>$_SERVER[\'SERVER_PROTOCOL\'],\r\r            \'请求方法\'       =>$_SERVER[\'REQUEST_METHOD\'],\r\r            \'ThinkPHP版本\'   =>THINK_VERSION,\r\r            \'上传附件限制\'   =>ini_get(\'upload_max_filesize\'),\r\r            \'执行时间限制\'   =>ini_get(\'max_execution_time\').\'秒\',\r\r            \'服务器时间\'     =>date(\"Y年n月j日 H:i:s\"),\r\r            \'北京时间\'       =>gmdate(\"Y年n月j日 H:i:s\",time()+8*3600),\r\r            \'服务器域名/IP\'  =>$_SERVER[\'SERVER_NAME\'].\' [ \'.gethostbyname($_SERVER[\'SERVER_NAME\']).\' ]\',\r\r            \'用户的IP地址\'   =>$_SERVER[\'REMOTE_ADDR\'],\r\r            \'剩余空间\'       =>round((disk_free_space(\".\")/(1024*1024)),2).\'M\',\r\r\r\r        ];\r\r        return $this',1 ) , ( '部门管理','管理部门','管理部门','Department','index\r    public function index()\r    {\r\r       $model = new departModel;\r\r       $list = $model',1 ) [ RunTime:0.002407s ]
[ 2018-07-13T17:41:35+08:00 ][ info ] [ DB ] INIT mysql
[ info ] [ LOG ] INIT File
[ 2018-07-13T17:41:35+08:00 ][ sql ] [ DB ] CONNECT:[ UseTime:0.000493s ] mysql:host=127.0.0.1;dbname=yangming;charset=utf8
[ 2018-07-13T17:41:35+08:00 ][ sql ] [ SQL ] truncate table lc_console [ RunTime:0.008888s ]
[ 2018-07-13T17:41:35+08:00 ][ sql ] [ SQL ] SHOW COLUMNS FROM `lc_console` [ RunTime:0.001678s ]
[ 2018-07-13T17:41:35+08:00 ][ sql ] [ SQL ] INSERT INTO `lc_console` (`level_one` , `level_two` , `function_name` , `controller` , `action` , `type`) VALUES ( '服务器信息','服务器信息','服务器信息','Dashboard','serverinfo\r\r    public function serverinfo()\r\r    {\r\r        $info = [\r\r            \'操作系统\'       =>PHP_OS,\r\r            \'运行环境\'       =>$_SERVER[\"SERVER_SOFTWARE\"],\r\r            \'主机名\'         =>$_SERVER[\'SERVER_NAME\'],\r\r            \'WEB服务端口\'    =>$_SERVER[\'SERVER_PORT\'],\r\r            \'网站文档目录\'   =>$_SERVER[\"DOCUMENT_ROOT\"],\r\r            \'浏览器信息\'     =>substr($_SERVER[\'HTTP_USER_AGENT\'], 0, 40),\r\r            \'通信协议\'       =>$_SERVER[\'SERVER_PROTOCOL\'],\r\r            \'请求方法\'       =>$_SERVER[\'REQUEST_METHOD\'],\r\r            \'ThinkPHP版本\'   =>THINK_VERSION,\r\r            \'上传附件限制\'   =>ini_get(\'upload_max_filesize\'),\r\r            \'执行时间限制\'   =>ini_get(\'max_execution_time\').\'秒\',\r\r            \'服务器时间\'     =>date(\"Y年n月j日 H:i:s\"),\r\r            \'北京时间\'       =>gmdate(\"Y年n月j日 H:i:s\",time()+8*3600),\r\r            \'服务器域名/IP\'  =>$_SERVER[\'SERVER_NAME\'].\' [ \'.gethostbyname($_SERVER[\'SERVER_NAME\']).\' ]\',\r\r            \'用户的IP地址\'   =>$_SERVER[\'REMOTE_ADDR\'],\r\r            \'剩余空间\'       =>round((disk_free_space(\".\")/(1024*1024)),2).\'M\',\r\r\r\r        ];\r\r        return $this',1 ) , ( '部门管理','管理部门','管理部门','Department','index\r    public function index()\r    {\r\r       $model = new departModel;\r\r       $list = $model',1 ) [ RunTime:0.002190s ]
[ 2018-07-13T17:45:58+08:00 ][ info ] [ DB ] INIT mysql
[ info ] [ LOG ] INIT File
[ 2018-07-13T17:45:58+08:00 ][ sql ] [ DB ] CONNECT:[ UseTime:0.001109s ] mysql:host=127.0.0.1;dbname=yangming;charset=utf8
[ 2018-07-13T17:45:58+08:00 ][ sql ] [ SQL ] truncate table lc_console [ RunTime:0.006342s ]
[ 2018-07-13T17:45:58+08:00 ][ sql ] [ SQL ] SHOW COLUMNS FROM `lc_console` [ RunTime:0.001019s ]
[ 2018-07-13T17:45:59+08:00 ][ sql ] [ SQL ] INSERT INTO `lc_console` (`level_one` , `level_two` , `function_name` , `controller` , `action` , `type`) VALUES ( '服务器信息','服务器信息','服务器信息','Dashboard','serverinfo\r\r    public function serverinfo()\r\r    {\r\r        $info = [\r\r            \'操作系统\'       =>PHP_OS,\r\r            \'运行环境\'       =>$_SERVER[\"SERVER_SOFTWARE\"],\r\r            \'主机名\'         =>$_SERVER[\'SERVER_NAME\'],\r\r            \'WEB服务端口\'    =>$_SERVER[\'SERVER_PORT\'],\r\r            \'网站文档目录\'   =>$_SERVER[\"DOCUMENT_ROOT\"],\r\r            \'浏览器信息\'     =>substr($_SERVER[\'HTTP_USER_AGENT\'], 0, 40),\r\r            \'通信协议\'       =>$_SERVER[\'SERVER_PROTOCOL\'],\r\r            \'请求方法\'       =>$_SERVER[\'REQUEST_METHOD\'],\r\r            \'ThinkPHP版本\'   =>THINK_VERSION,\r\r            \'上传附件限制\'   =>ini_get(\'upload_max_filesize\'),\r\r            \'执行时间限制\'   =>ini_get(\'max_execution_time\').\'秒\',\r\r            \'服务器时间\'     =>date(\"Y年n月j日 H:i:s\"),\r\r            \'北京时间\'       =>gmdate(\"Y年n月j日 H:i:s\",time()+8*3600),\r\r            \'服务器域名/IP\'  =>$_SERVER[\'SERVER_NAME\'].\' [ \'.gethostbyname($_SERVER[\'SERVER_NAME\']).\' ]\',\r\r            \'用户的IP地址\'   =>$_SERVER[\'REMOTE_ADDR\'],\r\r            \'剩余空间\'       =>round((disk_free_space(\".\")/(1024*1024)),2).\'M\',\r\r\r\r        ];\r\r        return $this',1 ) , ( '部门管理','管理部门','管理部门','Department','index\r\r    public function index()\r    {\r\r       $model = new departModel;\r\r       $list = $model',1 ) [ RunTime:0.002087s ]
[ 2018-07-13T18:04:20+08:00 ][ error ] [1]Class 'app\common\model\Config' not found[/www/wwwroot/yangming/application/command/Test.php:27]
[ info ] [ LOG ] INIT File
