---------------------------------------------------------------
[ 2018-07-19T08:55:51+08:00 ] 192.168.100.1 POST /api/task_flow/getTaskList
[ info ] 192.168.100.200:8083/api/task_flow/getTaskList [运行时间：0.545881s][吞吐率：1.83req/s] [内存消耗：3,904.57kb] [文件加载：64]
[ info ] [ LANG ] /www/wwwroot/yangming/thinkphp/lang/zh-cn.php
[ info ] [ ROUTE ] array (
  'type' => 'module',
  'module' => 
  array (
    0 => 'api',
    1 => 'task_flow',
    2 => 'getTaskList',
  ),
)
[ info ] [ HEADER ] array (
  'host' => '192.168.100.200:8083',
  'connection' => 'keep-alive',
  'content-length' => '417',
  'accept' => 'application/json, text/javascript, */*; q=0.01',
  'origin' => 'http://app01.app.longcai.net',
  'power-by' => 'http://www.xiaoyaoji.com.cn',
  'user-agent' => 'Mozilla/5.0 (Windows NT 6.1; WOW64) AppleWebKit/537.36 (KHTML, like Gecko) Chrome/66.0.3359.139 Safari/537.36',
  'content-type' => 'multipart/form-data; boundary=----WebKitFormBoundaryCCRyKlK9BHYHNmiw',
  'referer' => 'http://app01.app.longcai.net/dashboard/',
  'accept-encoding' => 'gzip, deflate',
  'accept-language' => 'zh-CN,zh;q=0.9',
)
[ info ] [ PARAM ] array (
  'user_id' => '1',
  'status' => '0',
)
[ info ] [ RUN ] app\api\controller\TaskFlow->getTaskList[ /www/wwwroot/yangming/application/api/controller/TaskFlow.php ]
[ info ] [ DB ] INIT mysql
[ info ] [ LOG ] INIT File
[ sql ] [ DB ] CONNECT:[ UseTime:0.047901s ] mysql:host=127.0.0.1;dbname=yangming;charset=utf8
[ sql ] [ SQL ] SHOW COLUMNS FROM `lc_user` [ RunTime:0.048025s ]
[ sql ] [ SQL ] SELECT `id` FROM `lc_user` WHERE  `id` = 1 LIMIT 1 [ RunTime:0.001304s ]
[ sql ] [ SQL ] SHOW COLUMNS FROM `lc_task_flow` [ RunTime:0.024316s ]
