---------------------------------------------------------------
[ 2018-07-20T09:12:33+08:00 ] 192.168.100.1 POST /api/Login/login
[ info ] 192.168.100.200:8083/api/Login/login [运行时间：0.726263s][吞吐率：1.38req/s] [内存消耗：3,753.52kb] [文件加载：58]
[ info ] [ LANG ] /www/wwwroot/yangming/thinkphp/lang/zh-cn.php
[ info ] [ ROUTE ] array (
  'type' => 'module',
  'module' => 
  array (
    0 => 'api',
    1 => 'Login',
    2 => 'login',
  ),
)
[ info ] [ HEADER ] array (
  'host' => '192.168.100.200:8083',
  'connection' => 'keep-alive',
  'content-length' => '49',
  'accept' => 'application/json, text/javascript, */*; q=0.01',
  'origin' => 'http://app01.app.longcai.net',
  'power-by' => 'http://www.xiaoyaoji.com.cn',
  'user-agent' => 'Mozilla/5.0 (Windows NT 6.1; WOW64) AppleWebKit/537.36 (KHTML, like Gecko) Chrome/66.0.3359.139 Safari/537.36',
  'content-type' => 'application/json',
  'referer' => 'http://app01.app.longcai.net/dashboard/',
  'accept-encoding' => 'gzip, deflate',
  'accept-language' => 'zh-CN,zh;q=0.9',
)
[ info ] [ PARAM ] array (
  'username' => 'buzhang',
  'password' => '123456',
)
[ info ] [ RUN ] app\api\controller\Login->login[ /www/wwwroot/yangming/application/api/controller/Login.php ]
[ info ] [ DB ] INIT mysql
[ info ] [ LOG ] INIT File
[ sql ] [ DB ] CONNECT:[ UseTime:0.117595s ] mysql:host=127.0.0.1;dbname=yangming;charset=utf8
[ sql ] [ SQL ] SHOW COLUMNS FROM `lc_user` [ RunTime:0.169930s ]
[ sql ] [ SQL ] SELECT * FROM `lc_user` WHERE  `username` = 'buzhang' OR `phone` = 'buzhang' LIMIT 1 [ RunTime:0.035847s ]
