---------------------------------------------------------------
[ 2018-07-24T08:57:51+08:00 ] 192.168.100.1 POST /api/Process/getProcessTime
[ info ] 192.168.100.200:8083/api/Process/getProcessTime [运行时间：0.586126s][吞吐率：1.71req/s] [内存消耗：4,064.08kb] [文件加载：65]
[ info ] [ LANG ] /www/wwwroot/yangming/thinkphp/lang/zh-cn.php
[ info ] [ ROUTE ] array (
  'type' => 'module',
  'module' => 
  array (
    0 => 'api',
    1 => 'Process',
    2 => 'getProcessTime',
  ),
)
[ info ] [ HEADER ] array (
  'host' => '192.168.100.200:8083',
  'connection' => 'keep-alive',
  'content-length' => '32',
  'accept' => 'application/json, text/javascript, */*; q=0.01',
  'origin' => 'http://app01.app.longcai.net',
  'power-by' => 'http://www.xiaoyaoji.com.cn',
  'user-agent' => 'Mozilla/5.0 (Windows NT 6.1; WOW64) AppleWebKit/537.36 (KHTML, like Gecko) Chrome/66.0.3359.139 Safari/537.36',
  'content-type' => 'application/json',
  'referer' => 'http://app01.app.longcai.net/dashboard/',
  'accept-encoding' => 'gzip, deflate',
  'accept-language' => 'zh-CN,zh;q=0.9',
)
[ info ] [ PARAM ] array (
  'user_id' => 1,
  'task_id' => 3,
)
[ info ] [ RUN ] app\api\controller\Process->getProcessTime[ /www/wwwroot/yangming/application/api/controller/Process.php ]
[ info ] [ DB ] INIT mysql
[ info ] [ CACHE ] INIT File
[ info ] [ LOG ] INIT File
[ sql ] [ DB ] CONNECT:[ UseTime:0.064860s ] mysql:host=127.0.0.1;dbname=yangming;charset=utf8
[ sql ] [ SQL ] SHOW COLUMNS FROM `lc_user` [ RunTime:0.057008s ]
[ sql ] [ SQL ] SELECT `id` FROM `lc_user` WHERE  `id` = 1 LIMIT 1 [ RunTime:0.014659s ]
[ sql ] [ SQL ] SHOW COLUMNS FROM `lc_process` [ RunTime:0.006917s ]
[ sql ] [ SQL ] SELECT COUNT(*) AS tp_count FROM `lc_process` WHERE  `time_limit` = 1 LIMIT 1 [ RunTime:0.000723s ]
[ sql ] [ SQL ] SELECT `id`,`title`,`duration` FROM `lc_process` WHERE  `time_limit` = 1 LIMIT 0,100 [ RunTime:0.000383s ]
---------------------------------------------------------------
[ 2018-07-24T08:57:55+08:00 ] 192.168.100.1 POST /api/Process/getProcessTime
[ info ] 192.168.100.200:8083/api/Process/getProcessTime [运行时间：0.177755s][吞吐率：5.63req/s] [内存消耗：4,064.08kb] [文件加载：65]
[ info ] [ LANG ] /www/wwwroot/yangming/thinkphp/lang/zh-cn.php
[ info ] [ ROUTE ] array (
  'type' => 'module',
  'module' => 
  array (
    0 => 'api',
    1 => 'Process',
    2 => 'getProcessTime',
  ),
)
[ info ] [ HEADER ] array (
  'host' => '192.168.100.200:8083',
  'connection' => 'keep-alive',
  'content-length' => '32',
  'accept' => 'application/json, text/javascript, */*; q=0.01',
  'origin' => 'http://app01.app.longcai.net',
  'power-by' => 'http://www.xiaoyaoji.com.cn',
  'user-agent' => 'Mozilla/5.0 (Windows NT 6.1; WOW64) AppleWebKit/537.36 (KHTML, like Gecko) Chrome/66.0.3359.139 Safari/537.36',
  'content-type' => 'application/json',
  'referer' => 'http://app01.app.longcai.net/dashboard/',
  'accept-encoding' => 'gzip, deflate',
  'accept-language' => 'zh-CN,zh;q=0.9',
)
[ info ] [ PARAM ] array (
  'user_id' => 1,
  'task_id' => 2,
)
[ info ] [ RUN ] app\api\controller\Process->getProcessTime[ /www/wwwroot/yangming/application/api/controller/Process.php ]
[ info ] [ DB ] INIT mysql
[ info ] [ CACHE ] INIT File
[ info ] [ LOG ] INIT File
[ sql ] [ DB ] CONNECT:[ UseTime:0.000498s ] mysql:host=127.0.0.1;dbname=yangming;charset=utf8
[ sql ] [ SQL ] SHOW COLUMNS FROM `lc_user` [ RunTime:0.001226s ]
[ sql ] [ SQL ] SELECT `id` FROM `lc_user` WHERE  `id` = 1 LIMIT 1 [ RunTime:0.000190s ]
[ sql ] [ SQL ] SHOW COLUMNS FROM `lc_process` [ RunTime:0.001025s ]
[ sql ] [ SQL ] SELECT COUNT(*) AS tp_count FROM `lc_process` WHERE  `time_limit` = 1 LIMIT 1 [ RunTime:0.000307s ]
[ sql ] [ SQL ] SELECT `id`,`title`,`duration` FROM `lc_process` WHERE  `time_limit` = 1 LIMIT 0,100 [ RunTime:0.000224s ]
---------------------------------------------------------------
[ 2018-07-24T08:58:02+08:00 ] 192.168.100.1 POST /api/Process/getProcessTime
[ info ] 192.168.100.200:8083/api/Process/getProcessTime [运行时间：0.185270s][吞吐率：5.40req/s] [内存消耗：4,064.08kb] [文件加载：65]
[ info ] [ LANG ] /www/wwwroot/yangming/thinkphp/lang/zh-cn.php
[ info ] [ ROUTE ] array (
  'type' => 'module',
  'module' => 
  array (
    0 => 'api',
    1 => 'Process',
    2 => 'getProcessTime',
  ),
)
[ info ] [ HEADER ] array (
  'host' => '192.168.100.200:8083',
  'connection' => 'keep-alive',
  'content-length' => '32',
  'accept' => 'application/json, text/javascript, */*; q=0.01',
  'origin' => 'http://app01.app.longcai.net',
  'power-by' => 'http://www.xiaoyaoji.com.cn',
  'user-agent' => 'Mozilla/5.0 (Windows NT 6.1; WOW64) AppleWebKit/537.36 (KHTML, like Gecko) Chrome/66.0.3359.139 Safari/537.36',
  'content-type' => 'application/json',
  'referer' => 'http://app01.app.longcai.net/dashboard/',
  'accept-encoding' => 'gzip, deflate',
  'accept-language' => 'zh-CN,zh;q=0.9',
)
[ info ] [ PARAM ] array (
  'user_id' => 1,
  'task_id' => 1,
)
[ info ] [ RUN ] app\api\controller\Process->getProcessTime[ /www/wwwroot/yangming/application/api/controller/Process.php ]
[ info ] [ DB ] INIT mysql
[ info ] [ CACHE ] INIT File
[ info ] [ LOG ] INIT File
[ sql ] [ DB ] CONNECT:[ UseTime:0.000488s ] mysql:host=127.0.0.1;dbname=yangming;charset=utf8
[ sql ] [ SQL ] SHOW COLUMNS FROM `lc_user` [ RunTime:0.001533s ]
[ sql ] [ SQL ] SELECT `id` FROM `lc_user` WHERE  `id` = 1 LIMIT 1 [ RunTime:0.000293s ]
[ sql ] [ SQL ] SHOW COLUMNS FROM `lc_process` [ RunTime:0.000877s ]
[ sql ] [ SQL ] SELECT COUNT(*) AS tp_count FROM `lc_process` WHERE  `time_limit` = 1 LIMIT 1 [ RunTime:0.000286s ]
[ sql ] [ SQL ] SELECT `id`,`title`,`duration` FROM `lc_process` WHERE  `time_limit` = 1 LIMIT 0,100 [ RunTime:0.000266s ]
---------------------------------------------------------------
[ 2018-07-24T08:58:06+08:00 ] 192.168.100.1 POST /api/Process/getProcessTime
[ info ] 192.168.100.200:8083/api/Process/getProcessTime [运行时间：0.165585s][吞吐率：6.04req/s] [内存消耗：4,064.08kb] [文件加载：65]
[ info ] [ LANG ] /www/wwwroot/yangming/thinkphp/lang/zh-cn.php
[ info ] [ ROUTE ] array (
  'type' => 'module',
  'module' => 
  array (
    0 => 'api',
    1 => 'Process',
    2 => 'getProcessTime',
  ),
)
[ info ] [ HEADER ] array (
  'host' => '192.168.100.200:8083',
  'connection' => 'keep-alive',
  'content-length' => '32',
  'accept' => 'application/json, text/javascript, */*; q=0.01',
  'origin' => 'http://app01.app.longcai.net',
  'power-by' => 'http://www.xiaoyaoji.com.cn',
  'user-agent' => 'Mozilla/5.0 (Windows NT 6.1; WOW64) AppleWebKit/537.36 (KHTML, like Gecko) Chrome/66.0.3359.139 Safari/537.36',
  'content-type' => 'application/json',
  'referer' => 'http://app01.app.longcai.net/dashboard/',
  'accept-encoding' => 'gzip, deflate',
  'accept-language' => 'zh-CN,zh;q=0.9',
)
[ info ] [ PARAM ] array (
  'user_id' => 1,
  'task_id' => 4,
)
[ info ] [ RUN ] app\api\controller\Process->getProcessTime[ /www/wwwroot/yangming/application/api/controller/Process.php ]
[ info ] [ DB ] INIT mysql
[ info ] [ CACHE ] INIT File
[ info ] [ LOG ] INIT File
[ sql ] [ DB ] CONNECT:[ UseTime:0.000431s ] mysql:host=127.0.0.1;dbname=yangming;charset=utf8
[ sql ] [ SQL ] SHOW COLUMNS FROM `lc_user` [ RunTime:0.000909s ]
[ sql ] [ SQL ] SELECT `id` FROM `lc_user` WHERE  `id` = 1 LIMIT 1 [ RunTime:0.000326s ]
[ sql ] [ SQL ] SHOW COLUMNS FROM `lc_process` [ RunTime:0.001033s ]
[ sql ] [ SQL ] SELECT COUNT(*) AS tp_count FROM `lc_process` WHERE  `time_limit` = 1 LIMIT 1 [ RunTime:0.000079s ]
[ sql ] [ SQL ] SELECT `id`,`title`,`duration` FROM `lc_process` WHERE  `time_limit` = 1 LIMIT 0,100 [ RunTime:0.000213s ]
---------------------------------------------------------------
[ 2018-07-24T08:58:07+08:00 ] 192.168.100.1 POST /api/Process/getProcessTime
[ info ] 192.168.100.200:8083/api/Process/getProcessTime [运行时间：0.176426s][吞吐率：5.67req/s] [内存消耗：4,063.97kb] [文件加载：65]
[ info ] [ LANG ] /www/wwwroot/yangming/thinkphp/lang/zh-cn.php
[ info ] [ ROUTE ] array (
  'type' => 'module',
  'module' => 
  array (
    0 => 'api',
    1 => 'Process',
    2 => 'getProcessTime',
  ),
)
[ info ] [ HEADER ] array (
  'host' => '192.168.100.200:8083',
  'connection' => 'keep-alive',
  'content-length' => '32',
  'accept' => 'application/json, text/javascript, */*; q=0.01',
  'origin' => 'http://app01.app.longcai.net',
  'power-by' => 'http://www.xiaoyaoji.com.cn',
  'user-agent' => 'Mozilla/5.0 (Windows NT 6.1; WOW64) AppleWebKit/537.36 (KHTML, like Gecko) Chrome/66.0.3359.139 Safari/537.36',
  'content-type' => 'application/json',
  'referer' => 'http://app01.app.longcai.net/dashboard/',
  'accept-encoding' => 'gzip, deflate',
  'accept-language' => 'zh-CN,zh;q=0.9',
)
[ info ] [ PARAM ] array (
  'user_id' => 1,
  'task_id' => 4,
)
[ info ] [ RUN ] app\api\controller\Process->getProcessTime[ /www/wwwroot/yangming/application/api/controller/Process.php ]
[ info ] [ DB ] INIT mysql
[ info ] [ CACHE ] INIT File
[ info ] [ LOG ] INIT File
[ sql ] [ DB ] CONNECT:[ UseTime:0.000462s ] mysql:host=127.0.0.1;dbname=yangming;charset=utf8
[ sql ] [ SQL ] SHOW COLUMNS FROM `lc_user` [ RunTime:0.000916s ]
[ sql ] [ SQL ] SELECT `id` FROM `lc_user` WHERE  `id` = 1 LIMIT 1 [ RunTime:0.000435s ]
[ sql ] [ SQL ] SHOW COLUMNS FROM `lc_process` [ RunTime:0.000925s ]
[ sql ] [ SQL ] SELECT COUNT(*) AS tp_count FROM `lc_process` WHERE  `time_limit` = 1 LIMIT 1 [ RunTime:0.000116s ]
[ sql ] [ SQL ] SELECT `id`,`title`,`duration` FROM `lc_process` WHERE  `time_limit` = 1 LIMIT 0,100 [ RunTime:0.000204s ]
---------------------------------------------------------------
[ 2018-07-24T09:31:40+08:00 ] 192.168.100.1 POST /api/Process/getProcessTime
[ info ] 192.168.100.200:8083/api/Process/getProcessTime [运行时间：0.213770s][吞吐率：4.68req/s] [内存消耗：4,086.15kb] [文件加载：67]
[ info ] [ LANG ] /www/wwwroot/yangming/thinkphp/lang/zh-cn.php
[ info ] [ ROUTE ] array (
  'type' => 'module',
  'module' => 
  array (
    0 => 'api',
    1 => 'Process',
    2 => 'getProcessTime',
  ),
)
[ info ] [ HEADER ] array (
  'host' => '192.168.100.200:8083',
  'connection' => 'keep-alive',
  'content-length' => '31',
  'accept' => 'application/json, text/javascript, */*; q=0.01',
  'origin' => 'http://app01.app.longcai.net',
  'power-by' => 'http://www.xiaoyaoji.com.cn',
  'user-agent' => 'Mozilla/5.0 (Windows NT 6.1; WOW64) AppleWebKit/537.36 (KHTML, like Gecko) Chrome/66.0.3359.139 Safari/537.36',
  'content-type' => 'application/json',
  'referer' => 'http://app01.app.longcai.net/dashboard/',
  'accept-encoding' => 'gzip, deflate',
  'accept-language' => 'zh-CN,zh;q=0.9',
)
[ info ] [ PARAM ] array (
  'user_id' => 1,
  'task_id' => 1,
)
[ info ] [ DB ] INIT mysql
[ info ] [ RUN ] app\api\controller\Process->getProcessTime[ /www/wwwroot/yangming/application/api/controller/Process.php ]
[ info ] [ CACHE ] INIT File
[ info ] [ LOG ] INIT File
[ sql ] [ DB ] CONNECT:[ UseTime:0.000402s ] mysql:host=127.0.0.1;dbname=yangming;charset=utf8
[ sql ] [ SQL ] SHOW COLUMNS FROM `lc_user` [ RunTime:0.001878s ]
[ sql ] [ SQL ] SELECT `id` FROM `lc_user` WHERE  `id` = 1 LIMIT 1 [ RunTime:0.000311s ]
[ sql ] [ SQL ] SHOW COLUMNS FROM `lc_process` [ RunTime:0.000906s ]
[ sql ] [ SQL ] SELECT COUNT(*) AS tp_count FROM `lc_process` WHERE  `time_limit` = 1 LIMIT 1 [ RunTime:0.000302s ]
[ sql ] [ SQL ] SELECT `id`,`title`,`duration` FROM `lc_process` WHERE  `time_limit` = 1 LIMIT 0,100 [ RunTime:0.000230s ]
---------------------------------------------------------------
[ 2018-07-24T09:32:48+08:00 ] 192.168.100.1 POST /api/Process/getProcessTime
[ info ] 192.168.100.200:8083/api/Process/getProcessTime [运行时间：0.147443s][吞吐率：6.78req/s] [内存消耗：3,897.71kb] [文件加载：61]
[ info ] [ LANG ] /www/wwwroot/yangming/thinkphp/lang/zh-cn.php
[ info ] [ ROUTE ] array (
  'type' => 'module',
  'module' => 
  array (
    0 => 'api',
    1 => 'Process',
    2 => 'getProcessTime',
  ),
)
[ info ] [ HEADER ] array (
  'host' => '192.168.100.200:8083',
  'connection' => 'keep-alive',
  'content-length' => '31',
  'accept' => 'application/json, text/javascript, */*; q=0.01',
  'origin' => 'http://app01.app.longcai.net',
  'power-by' => 'http://www.xiaoyaoji.com.cn',
  'user-agent' => 'Mozilla/5.0 (Windows NT 6.1; WOW64) AppleWebKit/537.36 (KHTML, like Gecko) Chrome/66.0.3359.139 Safari/537.36',
  'content-type' => 'application/json',
  'referer' => 'http://app01.app.longcai.net/dashboard/',
  'accept-encoding' => 'gzip, deflate',
  'accept-language' => 'zh-CN,zh;q=0.9',
)
[ info ] [ PARAM ] array (
  'user_id' => 1,
  'task_id' => 1,
)
[ info ] [ DB ] INIT mysql
[ info ] [ RUN ] app\api\controller\Process->getProcessTime[ /www/wwwroot/yangming/application/api/controller/Process.php ]
[ info ] [ CACHE ] INIT File
[ info ] [ LOG ] INIT File
[ sql ] [ DB ] CONNECT:[ UseTime:0.000365s ] mysql:host=127.0.0.1;dbname=yangming;charset=utf8
[ sql ] [ SQL ] SHOW COLUMNS FROM `lc_user` [ RunTime:0.001629s ]
[ sql ] [ SQL ] SELECT `id` FROM `lc_user` WHERE  `id` = 1 LIMIT 1 [ RunTime:0.000045s ]
---------------------------------------------------------------
[ 2018-07-24T09:33:59+08:00 ] 192.168.100.1 POST /api/Process/getProcessTime
[ info ] 192.168.100.200:8083/api/Process/getProcessTime [运行时间：0.150462s][吞吐率：6.65req/s] [内存消耗：3,898.20kb] [文件加载：61]
[ info ] [ LANG ] /www/wwwroot/yangming/thinkphp/lang/zh-cn.php
[ info ] [ ROUTE ] array (
  'type' => 'module',
  'module' => 
  array (
    0 => 'api',
    1 => 'Process',
    2 => 'getProcessTime',
  ),
)
[ info ] [ HEADER ] array (
  'host' => '192.168.100.200:8083',
  'connection' => 'keep-alive',
  'content-length' => '31',
  'accept' => 'application/json, text/javascript, */*; q=0.01',
  'origin' => 'http://app01.app.longcai.net',
  'power-by' => 'http://www.xiaoyaoji.com.cn',
  'user-agent' => 'Mozilla/5.0 (Windows NT 6.1; WOW64) AppleWebKit/537.36 (KHTML, like Gecko) Chrome/66.0.3359.139 Safari/537.36',
  'content-type' => 'application/json',
  'referer' => 'http://app01.app.longcai.net/dashboard/',
  'accept-encoding' => 'gzip, deflate',
  'accept-language' => 'zh-CN,zh;q=0.9',
)
[ info ] [ PARAM ] array (
  'user_id' => 1,
  'task_id' => 1,
)
[ info ] [ DB ] INIT mysql
[ info ] [ RUN ] app\api\controller\Process->getProcessTime[ /www/wwwroot/yangming/application/api/controller/Process.php ]
[ info ] [ CACHE ] INIT File
[ info ] [ LOG ] INIT File
[ sql ] [ DB ] CONNECT:[ UseTime:0.000477s ] mysql:host=127.0.0.1;dbname=yangming;charset=utf8
[ sql ] [ SQL ] SHOW COLUMNS FROM `lc_user` [ RunTime:0.001062s ]
[ sql ] [ SQL ] SELECT `id` FROM `lc_user` WHERE  `id` = 1 LIMIT 1 [ RunTime:0.001117s ]
---------------------------------------------------------------
[ 2018-07-24T09:33:59+08:00 ] 192.168.100.1 POST /api/Process/getProcessTime
[ info ] 192.168.100.200:8083/api/Process/getProcessTime [运行时间：0.155888s][吞吐率：6.41req/s] [内存消耗：3,897.71kb] [文件加载：61]
[ info ] [ LANG ] /www/wwwroot/yangming/thinkphp/lang/zh-cn.php
[ info ] [ ROUTE ] array (
  'type' => 'module',
  'module' => 
  array (
    0 => 'api',
    1 => 'Process',
    2 => 'getProcessTime',
  ),
)
[ info ] [ HEADER ] array (
  'host' => '192.168.100.200:8083',
  'connection' => 'keep-alive',
  'content-length' => '31',
  'accept' => 'application/json, text/javascript, */*; q=0.01',
  'origin' => 'http://app01.app.longcai.net',
  'power-by' => 'http://www.xiaoyaoji.com.cn',
  'user-agent' => 'Mozilla/5.0 (Windows NT 6.1; WOW64) AppleWebKit/537.36 (KHTML, like Gecko) Chrome/66.0.3359.139 Safari/537.36',
  'content-type' => 'application/json',
  'referer' => 'http://app01.app.longcai.net/dashboard/',
  'accept-encoding' => 'gzip, deflate',
  'accept-language' => 'zh-CN,zh;q=0.9',
)
[ info ] [ PARAM ] array (
  'user_id' => 1,
  'task_id' => 1,
)
[ info ] [ DB ] INIT mysql
[ info ] [ RUN ] app\api\controller\Process->getProcessTime[ /www/wwwroot/yangming/application/api/controller/Process.php ]
[ info ] [ CACHE ] INIT File
[ info ] [ LOG ] INIT File
[ sql ] [ DB ] CONNECT:[ UseTime:0.000389s ] mysql:host=127.0.0.1;dbname=yangming;charset=utf8
[ sql ] [ SQL ] SHOW COLUMNS FROM `lc_user` [ RunTime:0.001724s ]
[ sql ] [ SQL ] SELECT `id` FROM `lc_user` WHERE  `id` = 1 LIMIT 1 [ RunTime:0.000272s ]
---------------------------------------------------------------
[ 2018-07-24T09:33:59+08:00 ] 192.168.100.1 POST /api/Process/getProcessTime
[ info ] 192.168.100.200:8083/api/Process/getProcessTime [运行时间：0.138275s][吞吐率：7.23req/s] [内存消耗：3,897.71kb] [文件加载：61]
[ info ] [ LANG ] /www/wwwroot/yangming/thinkphp/lang/zh-cn.php
[ info ] [ ROUTE ] array (
  'type' => 'module',
  'module' => 
  array (
    0 => 'api',
    1 => 'Process',
    2 => 'getProcessTime',
  ),
)
[ info ] [ HEADER ] array (
  'host' => '192.168.100.200:8083',
  'connection' => 'keep-alive',
  'content-length' => '31',
  'accept' => 'application/json, text/javascript, */*; q=0.01',
  'origin' => 'http://app01.app.longcai.net',
  'power-by' => 'http://www.xiaoyaoji.com.cn',
  'user-agent' => 'Mozilla/5.0 (Windows NT 6.1; WOW64) AppleWebKit/537.36 (KHTML, like Gecko) Chrome/66.0.3359.139 Safari/537.36',
  'content-type' => 'application/json',
  'referer' => 'http://app01.app.longcai.net/dashboard/',
  'accept-encoding' => 'gzip, deflate',
  'accept-language' => 'zh-CN,zh;q=0.9',
)
[ info ] [ PARAM ] array (
  'user_id' => 1,
  'task_id' => 1,
)
[ info ] [ DB ] INIT mysql
[ info ] [ RUN ] app\api\controller\Process->getProcessTime[ /www/wwwroot/yangming/application/api/controller/Process.php ]
[ info ] [ CACHE ] INIT File
[ info ] [ LOG ] INIT File
[ sql ] [ DB ] CONNECT:[ UseTime:0.000353s ] mysql:host=127.0.0.1;dbname=yangming;charset=utf8
[ sql ] [ SQL ] SHOW COLUMNS FROM `lc_user` [ RunTime:0.000985s ]
[ sql ] [ SQL ] SELECT `id` FROM `lc_user` WHERE  `id` = 1 LIMIT 1 [ RunTime:0.000298s ]
---------------------------------------------------------------
[ 2018-07-24T09:33:59+08:00 ] 192.168.100.1 POST /api/Process/getProcessTime
[ info ] 192.168.100.200:8083/api/Process/getProcessTime [运行时间：0.138354s][吞吐率：7.23req/s] [内存消耗：3,897.71kb] [文件加载：61]
[ info ] [ LANG ] /www/wwwroot/yangming/thinkphp/lang/zh-cn.php
[ info ] [ ROUTE ] array (
  'type' => 'module',
  'module' => 
  array (
    0 => 'api',
    1 => 'Process',
    2 => 'getProcessTime',
  ),
)
[ info ] [ HEADER ] array (
  'host' => '192.168.100.200:8083',
  'connection' => 'keep-alive',
  'content-length' => '31',
  'accept' => 'application/json, text/javascript, */*; q=0.01',
  'origin' => 'http://app01.app.longcai.net',
  'power-by' => 'http://www.xiaoyaoji.com.cn',
  'user-agent' => 'Mozilla/5.0 (Windows NT 6.1; WOW64) AppleWebKit/537.36 (KHTML, like Gecko) Chrome/66.0.3359.139 Safari/537.36',
  'content-type' => 'application/json',
  'referer' => 'http://app01.app.longcai.net/dashboard/',
  'accept-encoding' => 'gzip, deflate',
  'accept-language' => 'zh-CN,zh;q=0.9',
)
[ info ] [ PARAM ] array (
  'user_id' => 1,
  'task_id' => 1,
)
[ info ] [ DB ] INIT mysql
[ info ] [ RUN ] app\api\controller\Process->getProcessTime[ /www/wwwroot/yangming/application/api/controller/Process.php ]
[ info ] [ CACHE ] INIT File
[ info ] [ LOG ] INIT File
[ sql ] [ DB ] CONNECT:[ UseTime:0.000365s ] mysql:host=127.0.0.1;dbname=yangming;charset=utf8
[ sql ] [ SQL ] SHOW COLUMNS FROM `lc_user` [ RunTime:0.000960s ]
[ sql ] [ SQL ] SELECT `id` FROM `lc_user` WHERE  `id` = 1 LIMIT 1 [ RunTime:0.000257s ]
---------------------------------------------------------------
[ 2018-07-24T09:34:02+08:00 ] 192.168.100.1 POST /api/Process/getProcessTime
[ info ] 192.168.100.200:8083/api/Process/getProcessTime [运行时间：0.130648s][吞吐率：7.65req/s] [内存消耗：3,897.71kb] [文件加载：61]
[ info ] [ LANG ] /www/wwwroot/yangming/thinkphp/lang/zh-cn.php
[ info ] [ ROUTE ] array (
  'type' => 'module',
  'module' => 
  array (
    0 => 'api',
    1 => 'Process',
    2 => 'getProcessTime',
  ),
)
[ info ] [ HEADER ] array (
  'host' => '192.168.100.200:8083',
  'connection' => 'keep-alive',
  'content-length' => '31',
  'accept' => 'application/json, text/javascript, */*; q=0.01',
  'origin' => 'http://app01.app.longcai.net',
  'power-by' => 'http://www.xiaoyaoji.com.cn',
  'user-agent' => 'Mozilla/5.0 (Windows NT 6.1; WOW64) AppleWebKit/537.36 (KHTML, like Gecko) Chrome/66.0.3359.139 Safari/537.36',
  'content-type' => 'application/json',
  'referer' => 'http://app01.app.longcai.net/dashboard/',
  'accept-encoding' => 'gzip, deflate',
  'accept-language' => 'zh-CN,zh;q=0.9',
)
[ info ] [ PARAM ] array (
  'user_id' => 1,
  'task_id' => 2,
)
[ info ] [ DB ] INIT mysql
[ info ] [ RUN ] app\api\controller\Process->getProcessTime[ /www/wwwroot/yangming/application/api/controller/Process.php ]
[ info ] [ CACHE ] INIT File
[ info ] [ LOG ] INIT File
[ sql ] [ DB ] CONNECT:[ UseTime:0.000379s ] mysql:host=127.0.0.1;dbname=yangming;charset=utf8
[ sql ] [ SQL ] SHOW COLUMNS FROM `lc_user` [ RunTime:0.001590s ]
[ sql ] [ SQL ] SELECT `id` FROM `lc_user` WHERE  `id` = 1 LIMIT 1 [ RunTime:0.000278s ]
---------------------------------------------------------------
[ 2018-07-24T09:34:02+08:00 ] 192.168.100.1 POST /api/Process/getProcessTime
[ info ] 192.168.100.200:8083/api/Process/getProcessTime [运行时间：0.157952s][吞吐率：6.33req/s] [内存消耗：3,897.71kb] [文件加载：61]
[ info ] [ LANG ] /www/wwwroot/yangming/thinkphp/lang/zh-cn.php
[ info ] [ ROUTE ] array (
  'type' => 'module',
  'module' => 
  array (
    0 => 'api',
    1 => 'Process',
    2 => 'getProcessTime',
  ),
)
[ info ] [ HEADER ] array (
  'host' => '192.168.100.200:8083',
  'connection' => 'keep-alive',
  'content-length' => '31',
  'accept' => 'application/json, text/javascript, */*; q=0.01',
  'origin' => 'http://app01.app.longcai.net',
  'power-by' => 'http://www.xiaoyaoji.com.cn',
  'user-agent' => 'Mozilla/5.0 (Windows NT 6.1; WOW64) AppleWebKit/537.36 (KHTML, like Gecko) Chrome/66.0.3359.139 Safari/537.36',
  'content-type' => 'application/json',
  'referer' => 'http://app01.app.longcai.net/dashboard/',
  'accept-encoding' => 'gzip, deflate',
  'accept-language' => 'zh-CN,zh;q=0.9',
)
[ info ] [ PARAM ] array (
  'user_id' => 1,
  'task_id' => 2,
)
[ info ] [ DB ] INIT mysql
[ info ] [ RUN ] app\api\controller\Process->getProcessTime[ /www/wwwroot/yangming/application/api/controller/Process.php ]
[ info ] [ CACHE ] INIT File
[ info ] [ LOG ] INIT File
[ sql ] [ DB ] CONNECT:[ UseTime:0.000346s ] mysql:host=127.0.0.1;dbname=yangming;charset=utf8
[ sql ] [ SQL ] SHOW COLUMNS FROM `lc_user` [ RunTime:0.001760s ]
[ sql ] [ SQL ] SELECT `id` FROM `lc_user` WHERE  `id` = 1 LIMIT 1 [ RunTime:0.000284s ]
---------------------------------------------------------------
[ 2018-07-24T09:34:37+08:00 ] 192.168.100.1 POST /api/Process/getProcessTime
[ info ] 192.168.100.200:8083/api/Process/getProcessTime [运行时间：0.147893s][吞吐率：6.76req/s] [内存消耗：4,066.02kb] [文件加载：65]
[ info ] [ LANG ] /www/wwwroot/yangming/thinkphp/lang/zh-cn.php
[ info ] [ ROUTE ] array (
  'type' => 'module',
  'module' => 
  array (
    0 => 'api',
    1 => 'Process',
    2 => 'getProcessTime',
  ),
)
[ info ] [ HEADER ] array (
  'host' => '192.168.100.200:8083',
  'connection' => 'keep-alive',
  'content-length' => '31',
  'accept' => 'application/json, text/javascript, */*; q=0.01',
  'origin' => 'http://app01.app.longcai.net',
  'power-by' => 'http://www.xiaoyaoji.com.cn',
  'user-agent' => 'Mozilla/5.0 (Windows NT 6.1; WOW64) AppleWebKit/537.36 (KHTML, like Gecko) Chrome/66.0.3359.139 Safari/537.36',
  'content-type' => 'application/json',
  'referer' => 'http://app01.app.longcai.net/dashboard/',
  'accept-encoding' => 'gzip, deflate',
  'accept-language' => 'zh-CN,zh;q=0.9',
)
[ info ] [ PARAM ] array (
  'user_id' => 1,
  'task_id' => 2,
)
[ info ] [ DB ] INIT mysql
[ info ] [ RUN ] app\api\controller\Process->getProcessTime[ /www/wwwroot/yangming/application/api/controller/Process.php ]
[ info ] [ CACHE ] INIT File
[ info ] [ LOG ] INIT File
[ sql ] [ DB ] CONNECT:[ UseTime:0.000364s ] mysql:host=127.0.0.1;dbname=yangming;charset=utf8
[ sql ] [ SQL ] SHOW COLUMNS FROM `lc_user` [ RunTime:0.000960s ]
[ sql ] [ SQL ] SELECT `id` FROM `lc_user` WHERE  `id` = 1 LIMIT 1 [ RunTime:0.000259s ]
[ sql ] [ SQL ] SHOW COLUMNS FROM `lc_process` [ RunTime:0.000922s ]
[ sql ] [ SQL ] SELECT COUNT(*) AS tp_count FROM `lc_process` WHERE  `time_limit` = 1 LIMIT 1 [ RunTime:0.000306s ]
[ sql ] [ SQL ] SELECT `id`,`title`,`duration` FROM `lc_process` WHERE  `time_limit` = 1 LIMIT 0,100 [ RunTime:0.000848s ]
---------------------------------------------------------------
[ 2018-07-24T09:35:02+08:00 ] 192.168.100.1 POST /api/Process/getProcessTime
[ info ] 192.168.100.200:8083/api/Process/getProcessTime [运行时间：0.119000s][吞吐率：8.40req/s] [内存消耗：3,897.52kb] [文件加载：61]
[ info ] [ LANG ] /www/wwwroot/yangming/thinkphp/lang/zh-cn.php
[ info ] [ ROUTE ] array (
  'type' => 'module',
  'module' => 
  array (
    0 => 'api',
    1 => 'Process',
    2 => 'getProcessTime',
  ),
)
[ info ] [ HEADER ] array (
  'host' => '192.168.100.200:8083',
  'connection' => 'keep-alive',
  'content-length' => '31',
  'accept' => 'application/json, text/javascript, */*; q=0.01',
  'origin' => 'http://app01.app.longcai.net',
  'power-by' => 'http://www.xiaoyaoji.com.cn',
  'user-agent' => 'Mozilla/5.0 (Windows NT 6.1; WOW64) AppleWebKit/537.36 (KHTML, like Gecko) Chrome/66.0.3359.139 Safari/537.36',
  'content-type' => 'application/json',
  'referer' => 'http://app01.app.longcai.net/dashboard/',
  'accept-encoding' => 'gzip, deflate',
  'accept-language' => 'zh-CN,zh;q=0.9',
)
[ info ] [ PARAM ] array (
  'user_id' => 1,
  'task_id' => 2,
)
[ info ] [ DB ] INIT mysql
[ info ] [ RUN ] app\api\controller\Process->getProcessTime[ /www/wwwroot/yangming/application/api/controller/Process.php ]
[ info ] [ CACHE ] INIT File
[ info ] [ LOG ] INIT File
[ sql ] [ DB ] CONNECT:[ UseTime:0.001053s ] mysql:host=127.0.0.1;dbname=yangming;charset=utf8
[ sql ] [ SQL ] SHOW COLUMNS FROM `lc_user` [ RunTime:0.000826s ]
[ sql ] [ SQL ] SELECT `id` FROM `lc_user` WHERE  `id` = 1 LIMIT 1 [ RunTime:0.000287s ]
---------------------------------------------------------------
[ 2018-07-24T09:35:03+08:00 ] 192.168.100.1 POST /api/Process/getProcessTime
[ info ] 192.168.100.200:8083/api/Process/getProcessTime [运行时间：0.123312s][吞吐率：8.11req/s] [内存消耗：3,897.52kb] [文件加载：61]
[ info ] [ LANG ] /www/wwwroot/yangming/thinkphp/lang/zh-cn.php
[ info ] [ ROUTE ] array (
  'type' => 'module',
  'module' => 
  array (
    0 => 'api',
    1 => 'Process',
    2 => 'getProcessTime',
  ),
)
[ info ] [ HEADER ] array (
  'host' => '192.168.100.200:8083',
  'connection' => 'keep-alive',
  'content-length' => '31',
  'accept' => 'application/json, text/javascript, */*; q=0.01',
  'origin' => 'http://app01.app.longcai.net',
  'power-by' => 'http://www.xiaoyaoji.com.cn',
  'user-agent' => 'Mozilla/5.0 (Windows NT 6.1; WOW64) AppleWebKit/537.36 (KHTML, like Gecko) Chrome/66.0.3359.139 Safari/537.36',
  'content-type' => 'application/json',
  'referer' => 'http://app01.app.longcai.net/dashboard/',
  'accept-encoding' => 'gzip, deflate',
  'accept-language' => 'zh-CN,zh;q=0.9',
)
[ info ] [ PARAM ] array (
  'user_id' => 1,
  'task_id' => 2,
)
[ info ] [ DB ] INIT mysql
[ info ] [ RUN ] app\api\controller\Process->getProcessTime[ /www/wwwroot/yangming/application/api/controller/Process.php ]
[ info ] [ CACHE ] INIT File
[ info ] [ LOG ] INIT File
[ sql ] [ DB ] CONNECT:[ UseTime:0.000321s ] mysql:host=127.0.0.1;dbname=yangming;charset=utf8
[ sql ] [ SQL ] SHOW COLUMNS FROM `lc_user` [ RunTime:0.000904s ]
[ sql ] [ SQL ] SELECT `id` FROM `lc_user` WHERE  `id` = 1 LIMIT 1 [ RunTime:0.000306s ]
---------------------------------------------------------------
[ 2018-07-24T09:35:03+08:00 ] 192.168.100.1 POST /api/Process/getProcessTime
[ info ] 192.168.100.200:8083/api/Process/getProcessTime [运行时间：0.110092s][吞吐率：9.08req/s] [内存消耗：3,897.52kb] [文件加载：61]
[ info ] [ LANG ] /www/wwwroot/yangming/thinkphp/lang/zh-cn.php
[ info ] [ ROUTE ] array (
  'type' => 'module',
  'module' => 
  array (
    0 => 'api',
    1 => 'Process',
    2 => 'getProcessTime',
  ),
)
[ info ] [ HEADER ] array (
  'host' => '192.168.100.200:8083',
  'connection' => 'keep-alive',
  'content-length' => '31',
  'accept' => 'application/json, text/javascript, */*; q=0.01',
  'origin' => 'http://app01.app.longcai.net',
  'power-by' => 'http://www.xiaoyaoji.com.cn',
  'user-agent' => 'Mozilla/5.0 (Windows NT 6.1; WOW64) AppleWebKit/537.36 (KHTML, like Gecko) Chrome/66.0.3359.139 Safari/537.36',
  'content-type' => 'application/json',
  'referer' => 'http://app01.app.longcai.net/dashboard/',
  'accept-encoding' => 'gzip, deflate',
  'accept-language' => 'zh-CN,zh;q=0.9',
)
[ info ] [ PARAM ] array (
  'user_id' => 1,
  'task_id' => 2,
)
[ info ] [ DB ] INIT mysql
[ info ] [ RUN ] app\api\controller\Process->getProcessTime[ /www/wwwroot/yangming/application/api/controller/Process.php ]
[ info ] [ CACHE ] INIT File
[ info ] [ LOG ] INIT File
[ sql ] [ DB ] CONNECT:[ UseTime:0.000481s ] mysql:host=127.0.0.1;dbname=yangming;charset=utf8
[ sql ] [ SQL ] SHOW COLUMNS FROM `lc_user` [ RunTime:0.001222s ]
[ sql ] [ SQL ] SELECT `id` FROM `lc_user` WHERE  `id` = 1 LIMIT 1 [ RunTime:0.000826s ]
---------------------------------------------------------------
[ 2018-07-24T09:36:53+08:00 ] 192.168.100.1 POST /api/Process/getProcessTime
[ info ] 192.168.100.200:8083/api/Process/getProcessTime [运行时间：0.149481s][吞吐率：6.69req/s] [内存消耗：3,897.59kb] [文件加载：61]
[ info ] [ LANG ] /www/wwwroot/yangming/thinkphp/lang/zh-cn.php
[ info ] [ ROUTE ] array (
  'type' => 'module',
  'module' => 
  array (
    0 => 'api',
    1 => 'Process',
    2 => 'getProcessTime',
  ),
)
[ info ] [ HEADER ] array (
  'host' => '192.168.100.200:8083',
  'connection' => 'keep-alive',
  'content-length' => '31',
  'accept' => 'application/json, text/javascript, */*; q=0.01',
  'origin' => 'http://app01.app.longcai.net',
  'power-by' => 'http://www.xiaoyaoji.com.cn',
  'user-agent' => 'Mozilla/5.0 (Windows NT 6.1; WOW64) AppleWebKit/537.36 (KHTML, like Gecko) Chrome/66.0.3359.139 Safari/537.36',
  'content-type' => 'application/json',
  'referer' => 'http://app01.app.longcai.net/dashboard/',
  'accept-encoding' => 'gzip, deflate',
  'accept-language' => 'zh-CN,zh;q=0.9',
)
[ info ] [ PARAM ] array (
  'user_id' => 1,
  'task_id' => 2,
)
[ info ] [ DB ] INIT mysql
[ info ] [ RUN ] app\api\controller\Process->getProcessTime[ /www/wwwroot/yangming/application/api/controller/Process.php ]
[ info ] [ CACHE ] INIT File
[ info ] [ LOG ] INIT File
[ sql ] [ DB ] CONNECT:[ UseTime:0.000318s ] mysql:host=127.0.0.1;dbname=yangming;charset=utf8
[ sql ] [ SQL ] SHOW COLUMNS FROM `lc_user` [ RunTime:0.000915s ]
[ sql ] [ SQL ] SELECT `id` FROM `lc_user` WHERE  `id` = 1 LIMIT 1 [ RunTime:0.000871s ]
---------------------------------------------------------------
[ 2018-07-24T09:42:18+08:00 ] 192.168.100.1 POST /api/Process/getProcessTime
[ info ] 192.168.100.200:8083/api/Process/getProcessTime [运行时间：0.144414s][吞吐率：6.92req/s] [内存消耗：3,897.55kb] [文件加载：61]
[ info ] [ LANG ] /www/wwwroot/yangming/thinkphp/lang/zh-cn.php
[ info ] [ ROUTE ] array (
  'type' => 'module',
  'module' => 
  array (
    0 => 'api',
    1 => 'Process',
    2 => 'getProcessTime',
  ),
)
[ info ] [ HEADER ] array (
  'host' => '192.168.100.200:8083',
  'connection' => 'keep-alive',
  'content-length' => '31',
  'accept' => 'application/json, text/javascript, */*; q=0.01',
  'origin' => 'http://app01.app.longcai.net',
  'power-by' => 'http://www.xiaoyaoji.com.cn',
  'user-agent' => 'Mozilla/5.0 (Windows NT 6.1; WOW64) AppleWebKit/537.36 (KHTML, like Gecko) Chrome/66.0.3359.139 Safari/537.36',
  'content-type' => 'application/json',
  'referer' => 'http://app01.app.longcai.net/dashboard/',
  'accept-encoding' => 'gzip, deflate',
  'accept-language' => 'zh-CN,zh;q=0.9',
)
[ info ] [ PARAM ] array (
  'user_id' => 1,
  'task_id' => 2,
)
[ info ] [ DB ] INIT mysql
[ info ] [ RUN ] app\api\controller\Process->getProcessTime[ /www/wwwroot/yangming/application/api/controller/Process.php ]
[ info ] [ CACHE ] INIT File
[ info ] [ LOG ] INIT File
[ sql ] [ DB ] CONNECT:[ UseTime:0.000317s ] mysql:host=127.0.0.1;dbname=yangming;charset=utf8
[ sql ] [ SQL ] SHOW COLUMNS FROM `lc_user` [ RunTime:0.001065s ]
[ sql ] [ SQL ] SELECT `id` FROM `lc_user` WHERE  `id` = 1 LIMIT 1 [ RunTime:0.000276s ]
---------------------------------------------------------------
[ 2018-07-24T09:42:22+08:00 ] 192.168.100.1 POST /api/Process/getProcessTime
[ info ] 192.168.100.200:8083/api/Process/getProcessTime [运行时间：0.167672s][吞吐率：5.96req/s] [内存消耗：4,066.02kb] [文件加载：65]
[ info ] [ LANG ] /www/wwwroot/yangming/thinkphp/lang/zh-cn.php
[ info ] [ ROUTE ] array (
  'type' => 'module',
  'module' => 
  array (
    0 => 'api',
    1 => 'Process',
    2 => 'getProcessTime',
  ),
)
[ info ] [ HEADER ] array (
  'host' => '192.168.100.200:8083',
  'connection' => 'keep-alive',
  'content-length' => '31',
  'accept' => 'application/json, text/javascript, */*; q=0.01',
  'origin' => 'http://app01.app.longcai.net',
  'power-by' => 'http://www.xiaoyaoji.com.cn',
  'user-agent' => 'Mozilla/5.0 (Windows NT 6.1; WOW64) AppleWebKit/537.36 (KHTML, like Gecko) Chrome/66.0.3359.139 Safari/537.36',
  'content-type' => 'application/json',
  'referer' => 'http://app01.app.longcai.net/dashboard/',
  'accept-encoding' => 'gzip, deflate',
  'accept-language' => 'zh-CN,zh;q=0.9',
)
[ info ] [ PARAM ] array (
  'user_id' => 1,
  'task_id' => 1,
)
[ info ] [ DB ] INIT mysql
[ info ] [ RUN ] app\api\controller\Process->getProcessTime[ /www/wwwroot/yangming/application/api/controller/Process.php ]
[ info ] [ CACHE ] INIT File
[ info ] [ LOG ] INIT File
[ sql ] [ DB ] CONNECT:[ UseTime:0.000367s ] mysql:host=127.0.0.1;dbname=yangming;charset=utf8
[ sql ] [ SQL ] SHOW COLUMNS FROM `lc_user` [ RunTime:0.000961s ]
[ sql ] [ SQL ] SELECT `id` FROM `lc_user` WHERE  `id` = 1 LIMIT 1 [ RunTime:0.000435s ]
[ sql ] [ SQL ] SHOW COLUMNS FROM `lc_process` [ RunTime:0.000978s ]
[ sql ] [ SQL ] SELECT COUNT(*) AS tp_count FROM `lc_process` WHERE  `time_limit` = 1 LIMIT 1 [ RunTime:0.000292s ]
[ sql ] [ SQL ] SELECT `id`,`title`,`duration` FROM `lc_process` WHERE  `time_limit` = 1 LIMIT 0,100 [ RunTime:0.001007s ]
---------------------------------------------------------------
[ 2018-07-24T09:42:23+08:00 ] 192.168.100.1 POST /api/Process/getProcessTime
[ info ] 192.168.100.200:8083/api/Process/getProcessTime [运行时间：0.164307s][吞吐率：6.09req/s] [内存消耗：3,897.55kb] [文件加载：61]
[ info ] [ LANG ] /www/wwwroot/yangming/thinkphp/lang/zh-cn.php
[ info ] [ ROUTE ] array (
  'type' => 'module',
  'module' => 
  array (
    0 => 'api',
    1 => 'Process',
    2 => 'getProcessTime',
  ),
)
[ info ] [ HEADER ] array (
  'host' => '192.168.100.200:8083',
  'connection' => 'keep-alive',
  'content-length' => '31',
  'accept' => 'application/json, text/javascript, */*; q=0.01',
  'origin' => 'http://app01.app.longcai.net',
  'power-by' => 'http://www.xiaoyaoji.com.cn',
  'user-agent' => 'Mozilla/5.0 (Windows NT 6.1; WOW64) AppleWebKit/537.36 (KHTML, like Gecko) Chrome/66.0.3359.139 Safari/537.36',
  'content-type' => 'application/json',
  'referer' => 'http://app01.app.longcai.net/dashboard/',
  'accept-encoding' => 'gzip, deflate',
  'accept-language' => 'zh-CN,zh;q=0.9',
)
[ info ] [ PARAM ] array (
  'user_id' => 1,
  'task_id' => 1,
)
[ info ] [ DB ] INIT mysql
[ info ] [ RUN ] app\api\controller\Process->getProcessTime[ /www/wwwroot/yangming/application/api/controller/Process.php ]
[ info ] [ CACHE ] INIT File
[ info ] [ LOG ] INIT File
[ sql ] [ DB ] CONNECT:[ UseTime:0.000336s ] mysql:host=127.0.0.1;dbname=yangming;charset=utf8
[ sql ] [ SQL ] SHOW COLUMNS FROM `lc_user` [ RunTime:0.000807s ]
[ sql ] [ SQL ] SELECT `id` FROM `lc_user` WHERE  `id` = 1 LIMIT 1 [ RunTime:0.000260s ]
