---------------------------------------------------------------
[ 2018-07-26T16:44:54+08:00 ] 192.168.100.1 POST /api/concrete_pouring/lookPouring
[ info ] 192.168.100.200:8083/api/concrete_pouring/lookPouring [运行时间：0.491260s][吞吐率：2.04req/s] [内存消耗：3,819.96kb] [文件加载：58]
[ info ] [ LANG ] /www/wwwroot/yangming/thinkphp/lang/zh-cn.php
[ info ] [ ROUTE ] array (
  'type' => 'module',
  'module' => 
  array (
    0 => 'api',
    1 => 'concrete_pouring',
    2 => 'lookPouring',
  ),
)
[ info ] [ HEADER ] array (
  'host' => '192.168.100.200:8083',
  'connection' => 'keep-alive',
  'content-length' => '418',
  'accept' => 'application/json, text/javascript, */*; q=0.01',
  'origin' => 'http://app01.app.longcai.net',
  'power-by' => 'http://www.xiaoyaoji.com.cn',
  'user-agent' => 'Mozilla/5.0 (Windows NT 6.1; WOW64) AppleWebKit/537.36 (KHTML, like Gecko) Chrome/66.0.3359.139 Safari/537.36',
  'content-type' => 'multipart/form-data; boundary=----WebKitFormBoundaryDbbMgyJVN0DCKxoB',
  'referer' => 'http://app01.app.longcai.net/dashboard/',
  'accept-encoding' => 'gzip, deflate',
  'accept-language' => 'zh-CN,zh;q=0.9',
)
[ info ] [ PARAM ] array (
  'user_id' => '1',
  'task_id' => '1',
)
[ info ] [ DB ] INIT mysql
[ info ] [ RUN ] app\api\controller\ConcretePouring->lookPouring[ /www/wwwroot/yangming/application/api/controller/ConcretePouring.php ]
[ info ] [ LOG ] INIT File
[ sql ] [ DB ] CONNECT:[ UseTime:0.063570s ] mysql:host=127.0.0.1;dbname=yangming;charset=utf8
[ sql ] [ SQL ] SHOW COLUMNS FROM `lc_user` [ RunTime:0.047723s ]
[ sql ] [ SQL ] SELECT `id` FROM `lc_user` WHERE  `id` = 1 LIMIT 1 [ RunTime:0.001259s ]
[ sql ] [ SQL ] SELECT `department_id` FROM `lc_user` WHERE  `id` = 1 LIMIT 1 [ RunTime:0.000258s ]
