---------------------------------------------------------------
[ 2018-07-30T09:10:04+08:00 ] 192.168.100.1 POST /api/task_flow/getNewTaskList
[ info ] 192.168.100.200:8083/api/task_flow/getNewTaskList [运行时间：0.662953s][吞吐率：1.51req/s] [内存消耗：3,757.06kb] [文件加载：57]
[ info ] [ LANG ] /www/wwwroot/yangming/thinkphp/lang/zh-cn.php
[ info ] [ ROUTE ] array (
  'type' => 'module',
  'module' => 
  array (
    0 => 'api',
    1 => 'task_flow',
    2 => 'getNewTaskList',
  ),
)
[ info ] [ HEADER ] array (
  'host' => '192.168.100.200:8083',
  'connection' => 'keep-alive',
  'content-length' => '32',
  'accept' => 'application/json, text/javascript, */*; q=0.01',
  'origin' => 'http://app01.app.longcai.net',
  'power-by' => 'http://www.xiaoyaoji.com.cn',
  'user-agent' => 'Mozilla/5.0 (Windows NT 6.1; WOW64) AppleWebKit/537.36 (KHTML, like Gecko) Chrome/66.0.3359.139 Safari/537.36',
  'content-type' => 'application/json',
  'referer' => 'http://app01.app.longcai.net/dashboard/',
  'accept-encoding' => 'gzip, deflate',
  'accept-language' => 'zh-CN,zh;q=0.9',
)
[ info ] [ PARAM ] array (
  'user_id' => '5',
  'page' => '',
)
[ info ] [ RUN ] app\api\controller\TaskFlow->getNewTaskList[ /www/wwwroot/yangming/application/api/controller/TaskFlow.php ]
[ info ] [ DB ] INIT mysql
[ info ] [ LOG ] INIT File
[ sql ] [ DB ] CONNECT:[ UseTime:0.048669s ] mysql:host=127.0.0.1;dbname=yangming;charset=utf8
[ sql ] [ SQL ] SHOW COLUMNS FROM `lc_user` [ RunTime:0.074474s ]
[ sql ] [ SQL ] SELECT `id` FROM `lc_user` WHERE  `id` = 5 LIMIT 1 [ RunTime:0.022113s ]
---------------------------------------------------------------
[ 2018-07-30T10:28:13+08:00 ] 192.168.100.1 POST /api/Technologist/checkStrap
[ info ] 192.168.100.200:8083/api/Technologist/checkStrap [运行时间：0.205123s][吞吐率：4.88req/s] [内存消耗：3,956.52kb] [文件加载：60]
[ info ] [ LANG ] /www/wwwroot/yangming/thinkphp/lang/zh-cn.php
[ info ] [ ROUTE ] array (
  'type' => 'module',
  'module' => 
  array (
    0 => 'api',
    1 => 'Technologist',
    2 => 'checkStrap',
  ),
)
[ info ] [ HEADER ] array (
  'host' => '192.168.100.200:8083',
  'connection' => 'keep-alive',
  'content-length' => '890',
  'accept' => 'application/json, text/javascript, */*; q=0.01',
  'origin' => 'http://app01.app.longcai.net',
  'power-by' => 'http://www.xiaoyaoji.com.cn',
  'user-agent' => 'Mozilla/5.0 (Windows NT 6.1; WOW64) AppleWebKit/537.36 (KHTML, like Gecko) Chrome/66.0.3359.139 Safari/537.36',
  'content-type' => 'multipart/form-data; boundary=----WebKitFormBoundaryUSdhdBdnCyFX01TI',
  'referer' => 'http://app01.app.longcai.net/dashboard/',
  'accept-encoding' => 'gzip, deflate',
  'accept-language' => 'zh-CN,zh;q=0.9',
)
[ info ] [ PARAM ] array (
  'user_id' => '1',
  'task_id' => '1',
  'process_id' => '5',
  'type' => '2',
  'reason' => '不行啊, 太差了,差评差评差评差评差评差评差评差评差评差评差评差评差评',
  'img' => '',
)
[ info ] [ DB ] INIT mysql
[ info ] [ RUN ] app\api\controller\Technologist->checkStrap[ /www/wwwroot/yangming/application/api/controller/Technologist.php ]
[ info ] [ LOG ] INIT File
[ sql ] [ DB ] CONNECT:[ UseTime:0.011212s ] mysql:host=127.0.0.1;dbname=yangming;charset=utf8
[ sql ] [ SQL ] SHOW COLUMNS FROM `lc_user` [ RunTime:0.001548s ]
[ sql ] [ SQL ] SELECT `id` FROM `lc_user` WHERE  `id` = 1 LIMIT 1 [ RunTime:0.003392s ]
[ sql ] [ SQL ] SELECT `department_id` FROM `lc_user` WHERE  `id` = 1 LIMIT 1 [ RunTime:0.000330s ]
---------------------------------------------------------------
[ 2018-07-30T15:46:24+08:00 ] 192.168.100.1 POST /api/Stripping/addStripping
[ info ] 192.168.100.200:8083/api/Stripping/addStripping [运行时间：0.148467s][吞吐率：6.74req/s] [内存消耗：3,809.77kb] [文件加载：58]
[ info ] [ LANG ] /www/wwwroot/yangming/thinkphp/lang/zh-cn.php
[ info ] [ ROUTE ] array (
  'type' => 'module',
  'module' => 
  array (
    0 => 'api',
    1 => 'Stripping',
    2 => 'addStripping',
  ),
)
[ info ] [ HEADER ] array (
  'host' => '192.168.100.200:8083',
  'connection' => 'keep-alive',
  'content-length' => '315',
  'accept' => 'application/json, text/javascript, */*; q=0.01',
  'origin' => 'http://app01.app.longcai.net',
  'power-by' => 'http://www.xiaoyaoji.com.cn',
  'user-agent' => 'Mozilla/5.0 (Windows NT 6.1; WOW64) AppleWebKit/537.36 (KHTML, like Gecko) Chrome/66.0.3359.139 Safari/537.36',
  'content-type' => 'application/json',
  'referer' => 'http://app01.app.longcai.net/dashboard/',
  'accept-encoding' => 'gzip, deflate',
  'accept-language' => 'zh-CN,zh;q=0.9',
)
[ info ] [ PARAM ] array (
  'id' => 1,
  'type' => 2,
  'user_id' => '5',
  'task_id' => '1',
  'title' => '通知单111',
  'priming_time' => 'q',
  'serial_number' => 'w',
  'pedestal_number' => 'e',
  'bridge_number' => 'r',
  'core_temperature' => 't',
  'surface_temperature' => 'y',
  'environment_temperature' => 'u',
  'compressive_strength' => 'i',
  'conclusion' => 'o',
)
[ info ] [ DB ] INIT mysql
[ info ] [ RUN ] app\api\controller\Stripping->addStripping[ /www/wwwroot/yangming/application/api/controller/Stripping.php ]
[ info ] [ LOG ] INIT File
[ sql ] [ DB ] CONNECT:[ UseTime:0.000385s ] mysql:host=127.0.0.1;dbname=yangming;charset=utf8
[ sql ] [ SQL ] SHOW COLUMNS FROM `lc_user` [ RunTime:0.001490s ]
[ sql ] [ SQL ] SELECT `id` FROM `lc_user` WHERE  `id` = 5 LIMIT 1 [ RunTime:0.000253s ]
